0 info it worked if it ends with ok
1 verbose cli [ 'C:\\Program Files\\nodejs\\\\node.exe',
1 verbose cli   'C:\\Program Files\\nodejs\\node_modules\\npm\\bin\\npm-cli.js',
1 verbose cli   'install',
1 verbose cli   'jspdf-autoable' ]
2 info using npm@2.11.3
3 info using node@v0.12.7
4 verbose install initial load of J:\Github\ubille\package.json
5 warn package.json biztech@1.0.0 No repository field.
6 warn package.json biztech@1.0.0 No README data
7 warn package.json biztech@1.0.0 No license field.
8 verbose installManyTop reading scoped package data from J:\Github\ubille\node_modules\buffer\package.json
9 info package.json buffer@3.4.3 buffer is also the name of a node core module.
10 verbose readDependencies loading dependencies from J:\Github\ubille\package.json
11 silly cache add args [ 'jspdf-autoable', null ]
12 verbose cache add spec jspdf-autoable
13 silly cache add parsed spec { raw: 'jspdf-autoable',
13 silly cache add   scope: null,
13 silly cache add   name: 'jspdf-autoable',
13 silly cache add   rawSpec: '',
13 silly cache add   spec: '*',
13 silly cache add   type: 'range' }
14 silly addNamed jspdf-autoable@*
15 verbose addNamed "*" is a valid semver range for jspdf-autoable
16 silly addNameRange { name: 'jspdf-autoable', range: '*', hasData: false }
17 silly mapToRegistry name jspdf-autoable
18 silly mapToRegistry using default registry
19 silly mapToRegistry registry https://registry.npmjs.org/
20 silly mapToRegistry uri https://registry.npmjs.org/jspdf-autoable
21 verbose addNameRange registry:https://registry.npmjs.org/jspdf-autoable not in flight; fetching
22 verbose request uri https://registry.npmjs.org/jspdf-autoable
23 verbose request no auth needed
24 info attempt registry request try #1 at 16:02:33
25 verbose request id 1677507d6cec7d44
26 http request GET https://registry.npmjs.org/jspdf-autoable
27 http 404 https://registry.npmjs.org/jspdf-autoable
28 verbose headers { 'content-type': 'application/json',
28 verbose headers   'cache-control': 'max-age=0',
28 verbose headers   'content-length': '2',
28 verbose headers   'accept-ranges': 'bytes',
28 verbose headers   date: 'Wed, 09 Sep 2015 23:02:35 GMT',
28 verbose headers   via: '1.1 varnish',
28 verbose headers   age: '0',
28 verbose headers   connection: 'keep-alive',
28 verbose headers   'x-served-by': 'cache-dfw1833-DFW',
28 verbose headers   'x-cache': 'MISS',
28 verbose headers   'x-cache-hits': '0',
28 verbose headers   'x-timer': 'S1441839755.625262,VS0,VE266' }
29 silly get cb [ 404,
29 silly get   { 'content-type': 'application/json',
29 silly get     'cache-control': 'max-age=0',
29 silly get     'content-length': '2',
29 silly get     'accept-ranges': 'bytes',
29 silly get     date: 'Wed, 09 Sep 2015 23:02:35 GMT',
29 silly get     via: '1.1 varnish',
29 silly get     age: '0',
29 silly get     connection: 'keep-alive',
29 silly get     'x-served-by': 'cache-dfw1833-DFW',
29 silly get     'x-cache': 'MISS',
29 silly get     'x-cache-hits': '0',
29 silly get     'x-timer': 'S1441839755.625262,VS0,VE266' } ]
30 verbose stack Error: Registry returned 404 for GET on https://registry.npmjs.org/jspdf-autoable
30 verbose stack     at CachingRegistryClient.<anonymous> (C:\Program Files\nodejs\node_modules\npm\node_modules\npm-registry-client\lib\request.js:239:14)
30 verbose stack     at Request._callback (C:\Program Files\nodejs\node_modules\npm\node_modules\npm-registry-client\lib\request.js:170:14)
30 verbose stack     at Request.self.callback (C:\Program Files\nodejs\node_modules\npm\node_modules\request\request.js:354:22)
30 verbose stack     at Request.emit (events.js:110:17)
30 verbose stack     at Request.<anonymous> (C:\Program Files\nodejs\node_modules\npm\node_modules\request\request.js:1207:14)
30 verbose stack     at Request.emit (events.js:129:20)
30 verbose stack     at IncomingMessage.<anonymous> (C:\Program Files\nodejs\node_modules\npm\node_modules\request\request.js:1153:12)
30 verbose stack     at IncomingMessage.emit (events.js:129:20)
30 verbose stack     at _stream_readable.js:908:16
30 verbose stack     at process._tickCallback (node.js:355:11)
31 verbose statusCode 404
32 verbose pkgid jspdf-autoable
33 verbose cwd J:\Github\ubille
34 error Windows_NT 6.1.7601
35 error argv "C:\\Program Files\\nodejs\\\\node.exe" "C:\\Program Files\\nodejs\\node_modules\\npm\\bin\\npm-cli.js" "install" "jspdf-autoable"
36 error node v0.12.7
37 error npm  v2.11.3
38 error code E404
39 error 404 Registry returned 404 for GET on https://registry.npmjs.org/jspdf-autoable
39 error 404
39 error 404 'jspdf-autoable' is not in the npm registry.
39 error 404 You should bug the author to publish it (or use the name yourself!)
39 error 404 It was specified as a dependency of 'biztech'
39 error 404
39 error 404 Note that you can also install from a
39 error 404 tarball, folder, http url, or git url.
40 verbose exit [ 1, true ]
